[16:15:29] [INIT] KubeJS 2001.6.5-build.7; MC 2001 forge
[16:15:29] [INIT] Loaded plugins:
[16:15:29] [INIT] - dev.latvian.mods.kubejs.forge.BuiltinKubeJSForgePlugin
[16:15:29] [INIT] - dev.latvian.mods.kubejs.integration.forge.gamestages.GameStagesIntegration
[16:15:29] [INIT] - dev.ftb.mods.ftbxmodcompat.ftbquests.kubejs.KubeJSIntegration
[16:15:29] [INIT] - dev.ftb.mods.ftbxmodcompat.ftbchunks.kubejs.FTBChunksKubeJSPlugin
[16:15:29] [INIT] - dev.ftb.mods.ftbxmodcompat.ftbteams.kubejs.FTBTeamsKubeJSPlugin
[16:15:29] [INIT] - com.blakebr0.cucumber.compat.kubejs.CucumberKubeJSPlugin
[16:15:29] [INIT] - com.oierbravo.createsifter.compat.kubejs.KubeJSCreatesifterPlugin
[16:15:29] [INIT] - dev.latvian.mods.kubejs.create.KubeJSCreatePlugin
[16:15:29] [INIT] - novamachina.exnihilosequentia.common.compat.kubejs.KubeJSExNihiloPlugin
[16:15:31] [INFO] script.js#9: Cuboid Outpost - Game started - Bootstrapping Cuboid Outpost
[16:15:31] [INFO] Loaded script startup_scripts:script.js in 0.147 s
[16:15:31] [INFO] Loaded script startup_scripts:cuboidoutpost/blocks.js in 0.057 s
[16:15:31] [INFO] Loaded script startup_scripts:cuboidoutpost/fluids.js in 0.003 s
[16:15:31] [INFO] Loaded script startup_scripts:cuboidoutpost/items.js in 0.001 s
[16:15:31] [INFO] Loaded script startup_scripts:cuboid_items.js in 0.007 s
[16:15:31] [INFO] unify.js#12: Using UnifyTags v1.18-dev
[16:15:31] [INFO] Loaded script startup_scripts:unify.js in 0.023 s
[16:15:31] [INFO] Loaded 6/6 KubeJS startup scripts in 1.365 s with 0 errors and 0 warnings
[16:15:31] [WARN] cuboidoutpost/blocks.js#9: blockBuilder.material(string) is no longer supported! Use .soundType(SoundType) and .mapColor(MapColor) instead!
